Analysis & Synthesis report for FinalProject
Wed Nov 29 20:26:45 2023
Quartus Prime Version 22.1std.0 Build 915 10/25/2022 SC Lite Edition


---------------------
; Table of Contents ;
---------------------
  1. Legal Notice
  2. Analysis & Synthesis Summary
  3. Analysis & Synthesis Settings
  4. Parallel Compilation
  5. Analysis & Synthesis Source Files Read
  6. Analysis & Synthesis Resource Usage Summary
  7. Analysis & Synthesis Resource Utilization by Entity
  8. General Register Statistics
  9. Inverted Register Statistics
 10. Multiplexer Restructuring Statistics (Restructuring Performed)
 11. Parameter Settings for User Entity Instance: FinalProject:comb_3|ClockDivider:comb_3
 12. Port Connectivity Checks: "FinalProject:comb_3|Counter:comb_4"
 13. Port Connectivity Checks: "FinalProject:comb_3"
 14. Post-Synthesis Netlist Statistics for Top Partition
 15. Elapsed Time Per Partition
 16. Analysis & Synthesis Messages
 17. Analysis & Synthesis Suppressed Messages



----------------
; Legal Notice ;
----------------
Copyright (C) 2022  Intel Corporation. All rights reserved.
Your use of Intel Corporation's design tools, logic functions 
and other software and tools, and any partner logic 
functions, and any output files from any of the foregoing 
(including device programming or simulation files), and any 
associated documentation or information are expressly subject 
to the terms and conditions of the Intel Program License 
Subscription Agreement, the Intel Quartus Prime License Agreement,
the Intel FPGA IP License Agreement, or other applicable license
agreement, including, without limitation, that your use is for
the sole purpose of programming logic devices manufactured by
Intel and sold by Intel or its authorized distributors.  Please
refer to the applicable agreement for further details, at
https://fpgasoftware.intel.com/eula.



+-------------------------------------------------------------------------------------+
; Analysis & Synthesis Summary                                                        ;
+------------------------------------+------------------------------------------------+
; Analysis & Synthesis Status        ; Successful - Wed Nov 29 20:26:45 2023          ;
; Quartus Prime Version              ; 22.1std.0 Build 915 10/25/2022 SC Lite Edition ;
; Revision Name                      ; FinalProject                                   ;
; Top-level Entity Name              ; DE10_LITE_Golden_Top                           ;
; Family                             ; MAX 10                                         ;
; Total logic elements               ; 222                                            ;
;     Total combinational functions  ; 221                                            ;
;     Dedicated logic registers      ; 132                                            ;
; Total registers                    ; 132                                            ;
; Total pins                         ; 185                                            ;
; Total virtual pins                 ; 0                                              ;
; Total memory bits                  ; 0                                              ;
; Embedded Multiplier 9-bit elements ; 0                                              ;
; Total PLLs                         ; 0                                              ;
; UFM blocks                         ; 0                                              ;
; ADC blocks                         ; 0                                              ;
+------------------------------------+------------------------------------------------+


+--------------------------------------------------------------------------------------------------------------+
; Analysis & Synthesis Settings                                                                                ;
+------------------------------------------------------------------+----------------------+--------------------+
; Option                                                           ; Setting              ; Default Value      ;
+------------------------------------------------------------------+----------------------+--------------------+
; Device                                                           ; 10M50DAF484C6GES     ;                    ;
; Top-level entity name                                            ; DE10_LITE_Golden_Top ; FinalProject       ;
; Family name                                                      ; MAX 10               ; Cyclone V          ;
; Use smart compilation                                            ; Off                  ; Off                ;
; Enable parallel Assembler and Timing Analyzer during compilation ; On                   ; On                 ;
; Enable compact report table                                      ; Off                  ; Off                ;
; Restructure Multiplexers                                         ; Auto                 ; Auto               ;
; Create Debugging Nodes for IP Cores                              ; Off                  ; Off                ;
; Preserve fewer node names                                        ; On                   ; On                 ;
; Intel FPGA IP Evaluation Mode                                    ; Enable               ; Enable             ;
; Verilog Version                                                  ; Verilog_2001         ; Verilog_2001       ;
; VHDL Version                                                     ; VHDL_1993            ; VHDL_1993          ;
; State Machine Processing                                         ; Auto                 ; Auto               ;
; Safe State Machine                                               ; Off                  ; Off                ;
; Extract Verilog State Machines                                   ; On                   ; On                 ;
; Extract VHDL State Machines                                      ; On                   ; On                 ;
; Ignore Verilog initial constructs                                ; Off                  ; Off                ;
; Iteration limit for constant Verilog loops                       ; 5000                 ; 5000               ;
; Iteration limit for non-constant Verilog loops                   ; 250                  ; 250                ;
; Add Pass-Through Logic to Inferred RAMs                          ; On                   ; On                 ;
; Infer RAMs from Raw Logic                                        ; On                   ; On                 ;
; Parallel Synthesis                                               ; On                   ; On                 ;
; DSP Block Balancing                                              ; Auto                 ; Auto               ;
; NOT Gate Push-Back                                               ; On                   ; On                 ;
; Power-Up Don't Care                                              ; On                   ; On                 ;
; Remove Redundant Logic Cells                                     ; Off                  ; Off                ;
; Remove Duplicate Registers                                       ; On                   ; On                 ;
; Ignore CARRY Buffers                                             ; Off                  ; Off                ;
; Ignore CASCADE Buffers                                           ; Off                  ; Off                ;
; Ignore GLOBAL Buffers                                            ; Off                  ; Off                ;
; Ignore ROW GLOBAL Buffers                                        ; Off                  ; Off                ;
; Ignore LCELL Buffers                                             ; Off                  ; Off                ;
; Ignore SOFT Buffers                                              ; On                   ; On                 ;
; Limit AHDL Integers to 32 Bits                                   ; Off                  ; Off                ;
; Optimization Technique                                           ; Balanced             ; Balanced           ;
; Carry Chain Length                                               ; 70                   ; 70                 ;
; Auto Carry Chains                                                ; On                   ; On                 ;
; Auto Open-Drain Pins                                             ; On                   ; On                 ;
; Perform WYSIWYG Primitive Resynthesis                            ; Off                  ; Off                ;
; Auto ROM Replacement                                             ; On                   ; On                 ;
; Auto RAM Replacement                                             ; On                   ; On                 ;
; Auto DSP Block Replacement                                       ; On                   ; On                 ;
; Auto Shift Register Replacement                                  ; Auto                 ; Auto               ;
; Allow Shift Register Merging across Hierarchies                  ; Auto                 ; Auto               ;
; Auto Clock Enable Replacement                                    ; On                   ; On                 ;
; Strict RAM Replacement                                           ; Off                  ; Off                ;
; Allow Synchronous Control Signals                                ; On                   ; On                 ;
; Force Use of Synchronous Clear Signals                           ; Off                  ; Off                ;
; Auto RAM Block Balancing                                         ; On                   ; On                 ;
; Auto RAM to Logic Cell Conversion                                ; Off                  ; Off                ;
; Auto Resource Sharing                                            ; Off                  ; Off                ;
; Allow Any RAM Size For Recognition                               ; Off                  ; Off                ;
; Allow Any ROM Size For Recognition                               ; Off                  ; Off                ;
; Allow Any Shift Register Size For Recognition                    ; Off                  ; Off                ;
; Use LogicLock Constraints during Resource Balancing              ; On                   ; On                 ;
; Ignore translate_off and synthesis_off directives                ; Off                  ; Off                ;
; Timing-Driven Synthesis                                          ; On                   ; On                 ;
; Report Parameter Settings                                        ; On                   ; On                 ;
; Report Source Assignments                                        ; On                   ; On                 ;
; Report Connectivity Checks                                       ; On                   ; On                 ;
; Ignore Maximum Fan-Out Assignments                               ; Off                  ; Off                ;
; Synchronization Register Chain Length                            ; 2                    ; 2                  ;
; Power Optimization During Synthesis                              ; Normal compilation   ; Normal compilation ;
; HDL message level                                                ; Level2               ; Level2             ;
; Suppress Register Optimization Related Messages                  ; Off                  ; Off                ;
; Number of Removed Registers Reported in Synthesis Report         ; 5000                 ; 5000               ;
; Number of Swept Nodes Reported in Synthesis Report               ; 5000                 ; 5000               ;
; Number of Inverted Registers Reported in Synthesis Report        ; 100                  ; 100                ;
; Clock MUX Protection                                             ; On                   ; On                 ;
; Auto Gated Clock Conversion                                      ; Off                  ; Off                ;
; Block Design Naming                                              ; Auto                 ; Auto               ;
; SDC constraint protection                                        ; Off                  ; Off                ;
; Synthesis Effort                                                 ; Auto                 ; Auto               ;
; Shift Register Replacement - Allow Asynchronous Clear Signal     ; On                   ; On                 ;
; Pre-Mapping Resynthesis Optimization                             ; Off                  ; Off                ;
; Analysis & Synthesis Message Level                               ; Medium               ; Medium             ;
; Disable Register Merging Across Hierarchies                      ; Auto                 ; Auto               ;
; Resource Aware Inference For Block RAM                           ; On                   ; On                 ;
+------------------------------------------------------------------+----------------------+--------------------+


+------------------------------------------+
; Parallel Compilation                     ;
+----------------------------+-------------+
; Processors                 ; Number      ;
+----------------------------+-------------+
; Number detected on machine ; 12          ;
; Maximum allowed            ; 12          ;
;                            ;             ;
; Average used               ; 1.01        ;
; Maximum used               ; 12          ;
;                            ;             ;
; Usage by Processor         ; % Time Used ;
;     Processor 1            ; 100.0%      ;
;     Processors 2-12        ;   0.1%      ;
+----------------------------+-------------+


+-----------------------------------------------------------------------------------------------------------------------------------------------+
; Analysis & Synthesis Source Files Read                                                                                                        ;
+----------------------------------+-----------------+------------------------+-------------------------------------------------------+---------+
; File Name with User-Entered Path ; Used in Netlist ; File Type              ; File Name with Absolute Path                          ; Library ;
+----------------------------------+-----------------+------------------------+-------------------------------------------------------+---------+
; DE10_LITE_Golden_Top.v           ; yes             ; User Verilog HDL File  ; E:/quartus-lite/Labs/FinalProj/DE10_LITE_Golden_Top.v ;         ;
; FinalProject.v                   ; yes             ; User Verilog HDL File  ; E:/quartus-lite/Labs/FinalProj/FinalProject.v         ;         ;
+----------------------------------+-----------------+------------------------+-------------------------------------------------------+---------+


+-------------------------------------------------------------------+
; Analysis & Synthesis Resource Usage Summary                       ;
+---------------------------------------------+---------------------+
; Resource                                    ; Usage               ;
+---------------------------------------------+---------------------+
; Estimated Total logic elements              ; 222                 ;
;                                             ;                     ;
; Total combinational functions               ; 221                 ;
; Logic element usage by number of LUT inputs ;                     ;
;     -- 4 input functions                    ; 47                  ;
;     -- 3 input functions                    ; 38                  ;
;     -- <=2 input functions                  ; 136                 ;
;                                             ;                     ;
; Logic elements by mode                      ;                     ;
;     -- normal mode                          ; 97                  ;
;     -- arithmetic mode                      ; 124                 ;
;                                             ;                     ;
; Total registers                             ; 132                 ;
;     -- Dedicated logic registers            ; 132                 ;
;     -- I/O registers                        ; 0                   ;
;                                             ;                     ;
; I/O pins                                    ; 185                 ;
;                                             ;                     ;
; Embedded Multiplier 9-bit elements          ; 0                   ;
;                                             ;                     ;
; Maximum fan-out node                        ; MAX10_CLK1_50~input ;
; Maximum fan-out                             ; 100                 ;
; Total fan-out                               ; 1288                ;
; Average fan-out                             ; 1.62                ;
+---------------------------------------------+---------------------+


+----------------------------------------------------------------------------------------------------------------------------------------------------------------------------------------------------------------------------------------------------------------------------------------+
; Analysis & Synthesis Resource Utilization by Entity                                                                                                                                                                                                                                    ;
+-----------------------------+---------------------+---------------------------+-------------+------------+--------------+---------+-----------+------+--------------+------------+---------------------------------------------------------------+----------------------+--------------+
; Compilation Hierarchy Node  ; Combinational ALUTs ; Dedicated Logic Registers ; Memory Bits ; UFM Blocks ; DSP Elements ; DSP 9x9 ; DSP 18x18 ; Pins ; Virtual Pins ; ADC blocks ; Full Hierarchy Name                                           ; Entity Name          ; Library Name ;
+-----------------------------+---------------------+---------------------------+-------------+------------+--------------+---------+-----------+------+--------------+------------+---------------------------------------------------------------+----------------------+--------------+
; |DE10_LITE_Golden_Top       ; 221 (1)             ; 132 (0)                   ; 0           ; 0          ; 0            ; 0       ; 0         ; 185  ; 0            ; 0          ; |DE10_LITE_Golden_Top                                         ; DE10_LITE_Golden_Top ; work         ;
;    |FinalProject:comb_3|    ; 220 (81)            ; 132 (67)                  ; 0           ; 0          ; 0            ; 0       ; 0         ; 0    ; 0            ; 0          ; |DE10_LITE_Golden_Top|FinalProject:comb_3                     ; FinalProject         ; work         ;
;       |ClockDivider:comb_3| ; 45 (45)             ; 33 (33)                   ; 0           ; 0          ; 0            ; 0       ; 0         ; 0    ; 0            ; 0          ; |DE10_LITE_Golden_Top|FinalProject:comb_3|ClockDivider:comb_3 ; ClockDivider         ; work         ;
;       |Counter:comb_4|      ; 77 (77)             ; 32 (32)                   ; 0           ; 0          ; 0            ; 0       ; 0         ; 0    ; 0            ; 0          ; |DE10_LITE_Golden_Top|FinalProject:comb_3|Counter:comb_4      ; Counter              ; work         ;
;       |display:comb_723|    ; 17 (17)             ; 0 (0)                     ; 0           ; 0          ; 0            ; 0       ; 0         ; 0    ; 0            ; 0          ; |DE10_LITE_Golden_Top|FinalProject:comb_3|display:comb_723    ; display              ; work         ;
+-----------------------------+---------------------+---------------------------+-------------+------------+--------------+---------+-----------+------+--------------+------------+---------------------------------------------------------------+----------------------+--------------+
Note: For table entries with two numbers listed, the numbers in parentheses indicate the number of resources of the given type used by the specific entity alone. The numbers listed outside of parentheses indicate the total resources of the given type used by the specific entity and all of its sub-entities in the hierarchy.


+------------------------------------------------------+
; General Register Statistics                          ;
+----------------------------------------------+-------+
; Statistic                                    ; Value ;
+----------------------------------------------+-------+
; Total registers                              ; 132   ;
; Number of registers using Synchronous Clear  ; 64    ;
; Number of registers using Synchronous Load   ; 32    ;
; Number of registers using Asynchronous Clear ; 0     ;
; Number of registers using Asynchronous Load  ; 0     ;
; Number of registers using Clock Enable       ; 63    ;
; Number of registers using Preset             ; 0     ;
+----------------------------------------------+-------+


+-----------------------------------------------------+
; Inverted Register Statistics                        ;
+-------------------------------------------+---------+
; Inverted Register                         ; Fan out ;
+-------------------------------------------+---------+
; FinalProject:comb_3|Counter:comb_4|dec[0] ; 2       ;
; Total number of inverted registers = 1    ;         ;
+-------------------------------------------+---------+


+-------------------------------------------------------------------------------------------------------------------------------------------------------------------------------+
; Multiplexer Restructuring Statistics (Restructuring Performed)                                                                                                                ;
+--------------------+-----------+---------------+----------------------+------------------------+------------+-----------------------------------------------------------------+
; Multiplexer Inputs ; Bus Width ; Baseline Area ; Area if Restructured ; Saving if Restructured ; Registered ; Example Multiplexer Output                                      ;
+--------------------+-----------+---------------+----------------------+------------------------+------------+-----------------------------------------------------------------+
; 3:1                ; 31 bits   ; 62 LEs        ; 31 LEs               ; 31 LEs                 ; Yes        ; |DE10_LITE_Golden_Top|FinalProject:comb_3|Counter:comb_4|dec[1] ;
; 4:1                ; 32 bits   ; 64 LEs        ; 64 LEs               ; 0 LEs                  ; Yes        ; |DE10_LITE_Golden_Top|FinalProject:comb_3|p1_score[0]           ;
; 4:1                ; 32 bits   ; 64 LEs        ; 32 LEs               ; 32 LEs                 ; Yes        ; |DE10_LITE_Golden_Top|FinalProject:comb_3|counter[31]           ;
+--------------------+-----------+---------------+----------------------+------------------------+------------+-----------------------------------------------------------------+


+--------------------------------------------------------------------------------------+
; Parameter Settings for User Entity Instance: FinalProject:comb_3|ClockDivider:comb_3 ;
+----------------+----------------------------------+----------------------------------+
; Parameter Name ; Value                            ; Type                             ;
+----------------+----------------------------------+----------------------------------+
; D              ; 00000000001001100010010110100000 ; Unsigned Binary                  ;
+----------------+----------------------------------+----------------------------------+
Note: In order to hide this table in the UI and the text report file, please set the "Show Parameter Settings in Synthesis Report" option in "Analysis and Synthesis Settings -> More Settings" to "Off".


+--------------------------------------------------------------------------------------------------------------------------------------------------------------------------------------------------+
; Port Connectivity Checks: "FinalProject:comb_3|Counter:comb_4"                                                                                                                                   ;
+------+--------+----------+-----------------------------------------------------------------------------------------------------------------------------------------------------------------------+
; Port ; Type   ; Severity ; Details                                                                                                                                                               ;
+------+--------+----------+-----------------------------------------------------------------------------------------------------------------------------------------------------------------------+
; dec  ; Output ; Info     ; Connected to dangling logic. Logic that only feeds a dangling port will be removed.                                                                                   ;
; LEDR ; Output ; Warning  ; Output or bidir port (1 bits) is smaller than the port expression (8 bits) it drives.  The 7 most-significant bit(s) in the port expression will be connected to GND. ;
+------+--------+----------+-----------------------------------------------------------------------------------------------------------------------------------------------------------------------+


+----------------------------------------------------------------------------------------------------------------------------------------------------+
; Port Connectivity Checks: "FinalProject:comb_3"                                                                                                    ;
+------+--------+----------+-------------------------------------------------------------------------------------------------------------------------+
; Port ; Type   ; Severity ; Details                                                                                                                 ;
+------+--------+----------+-------------------------------------------------------------------------------------------------------------------------+
; LEDR ; Output ; Warning  ; Output or bidir port (8 bits) is wider than the port expression (1 bits) it drives; bit(s) "LEDR[7..1]" have no fanouts ;
+------+--------+----------+-------------------------------------------------------------------------------------------------------------------------+


+-----------------------------------------------------+
; Post-Synthesis Netlist Statistics for Top Partition ;
+-----------------------+-----------------------------+
; Type                  ; Count                       ;
+-----------------------+-----------------------------+
; boundary_port         ; 185                         ;
; cycloneiii_ff         ; 132                         ;
;     ENA               ; 31                          ;
;     ENA SCLR          ; 32                          ;
;     SCLR              ; 32                          ;
;     SLD               ; 32                          ;
;     plain             ; 5                           ;
; cycloneiii_io_obuf    ; 71                          ;
; cycloneiii_lcell_comb ; 223                         ;
;     arith             ; 124                         ;
;         2 data inputs ; 94                          ;
;         3 data inputs ; 30                          ;
;     normal            ; 99                          ;
;         0 data inputs ; 2                           ;
;         1 data inputs ; 4                           ;
;         2 data inputs ; 38                          ;
;         3 data inputs ; 8                           ;
;         4 data inputs ; 47                          ;
;                       ;                             ;
; Max LUT depth         ; 8.00                        ;
; Average LUT depth     ; 3.86                        ;
+-----------------------+-----------------------------+


+-------------------------------+
; Elapsed Time Per Partition    ;
+----------------+--------------+
; Partition Name ; Elapsed Time ;
+----------------+--------------+
; Top            ; 00:00:01     ;
+----------------+--------------+


+-------------------------------+
; Analysis & Synthesis Messages ;
+-------------------------------+
Info: *******************************************************************
Info: Running Quartus Prime Analysis & Synthesis
    Info: Version 22.1std.0 Build 915 10/25/2022 SC Lite Edition
    Info: Processing started: Wed Nov 29 20:26:36 2023
Info: Command: quartus_map --read_settings_files=on --write_settings_files=off FinalProject -c FinalProject
Warning (18236): Number of processors has not been specified which may cause overloading on shared machines.  Set the global assignment NUM_PARALLEL_PROCESSORS in your QSF to an appropriate value for best performance.
Info (20030): Parallel compilation is enabled and will use 12 of the 12 processors detected
Info (12021): Found 1 design units, including 1 entities, in source file de10_lite_golden_top.v
    Info (12023): Found entity 1: DE10_LITE_Golden_Top File: E:/quartus-lite/Labs/FinalProj/DE10_LITE_Golden_Top.v Line: 29
Warning (10229): Verilog HDL Expression warning at FinalProject.v(189): truncated literal to match 7 bits File: E:/quartus-lite/Labs/FinalProj/FinalProject.v Line: 189
Warning (10229): Verilog HDL Expression warning at FinalProject.v(192): truncated literal to match 7 bits File: E:/quartus-lite/Labs/FinalProj/FinalProject.v Line: 192
Warning (10229): Verilog HDL Expression warning at FinalProject.v(195): truncated literal to match 7 bits File: E:/quartus-lite/Labs/FinalProj/FinalProject.v Line: 195
Warning (10229): Verilog HDL Expression warning at FinalProject.v(198): truncated literal to match 7 bits File: E:/quartus-lite/Labs/FinalProj/FinalProject.v Line: 198
Warning (10229): Verilog HDL Expression warning at FinalProject.v(201): truncated literal to match 7 bits File: E:/quartus-lite/Labs/FinalProj/FinalProject.v Line: 201
Warning (10229): Verilog HDL Expression warning at FinalProject.v(204): truncated literal to match 7 bits File: E:/quartus-lite/Labs/FinalProj/FinalProject.v Line: 204
Warning (10229): Verilog HDL Expression warning at FinalProject.v(208): truncated literal to match 7 bits File: E:/quartus-lite/Labs/FinalProj/FinalProject.v Line: 208
Warning (10229): Verilog HDL Expression warning at FinalProject.v(211): truncated literal to match 7 bits File: E:/quartus-lite/Labs/FinalProj/FinalProject.v Line: 211
Warning (10229): Verilog HDL Expression warning at FinalProject.v(214): truncated literal to match 7 bits File: E:/quartus-lite/Labs/FinalProj/FinalProject.v Line: 214
Warning (10229): Verilog HDL Expression warning at FinalProject.v(217): truncated literal to match 7 bits File: E:/quartus-lite/Labs/FinalProj/FinalProject.v Line: 217
Warning (10229): Verilog HDL Expression warning at FinalProject.v(220): truncated literal to match 7 bits File: E:/quartus-lite/Labs/FinalProj/FinalProject.v Line: 220
Warning (10229): Verilog HDL Expression warning at FinalProject.v(223): truncated literal to match 7 bits File: E:/quartus-lite/Labs/FinalProj/FinalProject.v Line: 223
Warning (10229): Verilog HDL Expression warning at FinalProject.v(224): truncated literal to match 7 bits File: E:/quartus-lite/Labs/FinalProj/FinalProject.v Line: 224
Warning (10229): Verilog HDL Expression warning at FinalProject.v(225): truncated literal to match 7 bits File: E:/quartus-lite/Labs/FinalProj/FinalProject.v Line: 225
Warning (10229): Verilog HDL Expression warning at FinalProject.v(227): truncated literal to match 7 bits File: E:/quartus-lite/Labs/FinalProj/FinalProject.v Line: 227
Warning (10229): Verilog HDL Expression warning at FinalProject.v(228): truncated literal to match 7 bits File: E:/quartus-lite/Labs/FinalProj/FinalProject.v Line: 228
Warning (10229): Verilog HDL Expression warning at FinalProject.v(229): truncated literal to match 7 bits File: E:/quartus-lite/Labs/FinalProj/FinalProject.v Line: 229
Warning (10229): Verilog HDL Expression warning at FinalProject.v(230): truncated literal to match 7 bits File: E:/quartus-lite/Labs/FinalProj/FinalProject.v Line: 230
Warning (10229): Verilog HDL Expression warning at FinalProject.v(231): truncated literal to match 7 bits File: E:/quartus-lite/Labs/FinalProj/FinalProject.v Line: 231
Warning (10229): Verilog HDL Expression warning at FinalProject.v(233): truncated literal to match 7 bits File: E:/quartus-lite/Labs/FinalProj/FinalProject.v Line: 233
Warning (10229): Verilog HDL Expression warning at FinalProject.v(235): truncated literal to match 7 bits File: E:/quartus-lite/Labs/FinalProj/FinalProject.v Line: 235
Info (12021): Found 5 design units, including 5 entities, in source file finalproject.v
    Info (12023): Found entity 1: FinalProject File: E:/quartus-lite/Labs/FinalProj/FinalProject.v Line: 1
    Info (12023): Found entity 2: ClockDivider File: E:/quartus-lite/Labs/FinalProj/FinalProject.v Line: 81
    Info (12023): Found entity 3: Counter File: E:/quartus-lite/Labs/FinalProj/FinalProject.v Line: 96
    Info (12023): Found entity 4: display File: E:/quartus-lite/Labs/FinalProj/FinalProject.v Line: 138
    Info (12023): Found entity 5: segmentDisplay File: E:/quartus-lite/Labs/FinalProj/FinalProject.v Line: 179
Critical Warning (10846): Verilog HDL Instantiation warning at FinalProject.v(15): instance has no name File: E:/quartus-lite/Labs/FinalProj/FinalProject.v Line: 15
Critical Warning (10846): Verilog HDL Instantiation warning at FinalProject.v(16): instance has no name File: E:/quartus-lite/Labs/FinalProj/FinalProject.v Line: 16
Critical Warning (10846): Verilog HDL Instantiation warning at FinalProject.v(74): instance has no name File: E:/quartus-lite/Labs/FinalProj/FinalProject.v Line: 74
Critical Warning (10846): Verilog HDL Instantiation warning at DE10_LITE_Golden_Top.v(138): instance has no name File: E:/quartus-lite/Labs/FinalProj/DE10_LITE_Golden_Top.v Line: 138
Info (12127): Elaborating entity "DE10_LITE_Golden_Top" for the top level hierarchy
Warning (10034): Output port "DRAM_ADDR" at DE10_LITE_Golden_Top.v(46) has no driver File: E:/quartus-lite/Labs/FinalProj/DE10_LITE_Golden_Top.v Line: 46
Warning (10034): Output port "DRAM_BA" at DE10_LITE_Golden_Top.v(47) has no driver File: E:/quartus-lite/Labs/FinalProj/DE10_LITE_Golden_Top.v Line: 47
Warning (10034): Output port "LEDR[9..1]" at DE10_LITE_Golden_Top.v(86) has no driver File: E:/quartus-lite/Labs/FinalProj/DE10_LITE_Golden_Top.v Line: 86
Warning (10034): Output port "VGA_B" at DE10_LITE_Golden_Top.v(96) has no driver File: E:/quartus-lite/Labs/FinalProj/DE10_LITE_Golden_Top.v Line: 96
Warning (10034): Output port "VGA_G" at DE10_LITE_Golden_Top.v(97) has no driver File: E:/quartus-lite/Labs/FinalProj/DE10_LITE_Golden_Top.v Line: 97
Warning (10034): Output port "VGA_R" at DE10_LITE_Golden_Top.v(99) has no driver File: E:/quartus-lite/Labs/FinalProj/DE10_LITE_Golden_Top.v Line: 99
Warning (10034): Output port "DRAM_CAS_N" at DE10_LITE_Golden_Top.v(48) has no driver File: E:/quartus-lite/Labs/FinalProj/DE10_LITE_Golden_Top.v Line: 48
Warning (10034): Output port "DRAM_CKE" at DE10_LITE_Golden_Top.v(49) has no driver File: E:/quartus-lite/Labs/FinalProj/DE10_LITE_Golden_Top.v Line: 49
Warning (10034): Output port "DRAM_CLK" at DE10_LITE_Golden_Top.v(50) has no driver File: E:/quartus-lite/Labs/FinalProj/DE10_LITE_Golden_Top.v Line: 50
Warning (10034): Output port "DRAM_CS_N" at DE10_LITE_Golden_Top.v(51) has no driver File: E:/quartus-lite/Labs/FinalProj/DE10_LITE_Golden_Top.v Line: 51
Warning (10034): Output port "DRAM_LDQM" at DE10_LITE_Golden_Top.v(53) has no driver File: E:/quartus-lite/Labs/FinalProj/DE10_LITE_Golden_Top.v Line: 53
Warning (10034): Output port "DRAM_RAS_N" at DE10_LITE_Golden_Top.v(54) has no driver File: E:/quartus-lite/Labs/FinalProj/DE10_LITE_Golden_Top.v Line: 54
Warning (10034): Output port "DRAM_UDQM" at DE10_LITE_Golden_Top.v(55) has no driver File: E:/quartus-lite/Labs/FinalProj/DE10_LITE_Golden_Top.v Line: 55
Warning (10034): Output port "DRAM_WE_N" at DE10_LITE_Golden_Top.v(56) has no driver File: E:/quartus-lite/Labs/FinalProj/DE10_LITE_Golden_Top.v Line: 56
Warning (10034): Output port "VGA_HS" at DE10_LITE_Golden_Top.v(98) has no driver File: E:/quartus-lite/Labs/FinalProj/DE10_LITE_Golden_Top.v Line: 98
Warning (10034): Output port "VGA_VS" at DE10_LITE_Golden_Top.v(100) has no driver File: E:/quartus-lite/Labs/FinalProj/DE10_LITE_Golden_Top.v Line: 100
Warning (10034): Output port "GSENSOR_CS_N" at DE10_LITE_Golden_Top.v(105) has no driver File: E:/quartus-lite/Labs/FinalProj/DE10_LITE_Golden_Top.v Line: 105
Warning (10034): Output port "GSENSOR_SCLK" at DE10_LITE_Golden_Top.v(107) has no driver File: E:/quartus-lite/Labs/FinalProj/DE10_LITE_Golden_Top.v Line: 107
Info (12128): Elaborating entity "FinalProject" for hierarchy "FinalProject:comb_3" File: E:/quartus-lite/Labs/FinalProj/DE10_LITE_Golden_Top.v Line: 138
Warning (10036): Verilog HDL or VHDL warning at FinalProject.v(11): object "p2_punish" assigned a value but never read File: E:/quartus-lite/Labs/FinalProj/FinalProject.v Line: 11
Warning (10034): Output port "HEX1" at FinalProject.v(5) has no driver File: E:/quartus-lite/Labs/FinalProj/FinalProject.v Line: 5
Warning (10034): Output port "HEX2" at FinalProject.v(5) has no driver File: E:/quartus-lite/Labs/FinalProj/FinalProject.v Line: 5
Warning (10034): Output port "HEX3" at FinalProject.v(5) has no driver File: E:/quartus-lite/Labs/FinalProj/FinalProject.v Line: 5
Warning (10034): Output port "HEX4" at FinalProject.v(5) has no driver File: E:/quartus-lite/Labs/FinalProj/FinalProject.v Line: 5
Warning (10034): Output port "HEX5" at FinalProject.v(5) has no driver File: E:/quartus-lite/Labs/FinalProj/FinalProject.v Line: 5
Info (12128): Elaborating entity "ClockDivider" for hierarchy "FinalProject:comb_3|ClockDivider:comb_3" File: E:/quartus-lite/Labs/FinalProj/FinalProject.v Line: 15
Info (12128): Elaborating entity "Counter" for hierarchy "FinalProject:comb_3|Counter:comb_4" File: E:/quartus-lite/Labs/FinalProj/FinalProject.v Line: 16
Info (12128): Elaborating entity "display" for hierarchy "FinalProject:comb_3|display:comb_723" File: E:/quartus-lite/Labs/FinalProj/FinalProject.v Line: 74
Warning (10762): Verilog HDL Case Statement warning at FinalProject.v(144): can't check case statement for completeness because the case expression has too many possible states File: E:/quartus-lite/Labs/FinalProj/FinalProject.v Line: 144
Warning (12241): 2 hierarchies have connectivity warnings - see the Connectivity Checks report folder
Warning (13039): The following bidirectional pins have no drivers
    Warning (13040): bidirectional pin "DRAM_DQ[0]" has no driver File: E:/quartus-lite/Labs/FinalProj/DE10_LITE_Golden_Top.v Line: 52
    Warning (13040): bidirectional pin "DRAM_DQ[1]" has no driver File: E:/quartus-lite/Labs/FinalProj/DE10_LITE_Golden_Top.v Line: 52
    Warning (13040): bidirectional pin "DRAM_DQ[2]" has no driver File: E:/quartus-lite/Labs/FinalProj/DE10_LITE_Golden_Top.v Line: 52
    Warning (13040): bidirectional pin "DRAM_DQ[3]" has no driver File: E:/quartus-lite/Labs/FinalProj/DE10_LITE_Golden_Top.v Line: 52
    Warning (13040): bidirectional pin "DRAM_DQ[4]" has no driver File: E:/quartus-lite/Labs/FinalProj/DE10_LITE_Golden_Top.v Line: 52
    Warning (13040): bidirectional pin "DRAM_DQ[5]" has no driver File: E:/quartus-lite/Labs/FinalProj/DE10_LITE_Golden_Top.v Line: 52
    Warning (13040): bidirectional pin "DRAM_DQ[6]" has no driver File: E:/quartus-lite/Labs/FinalProj/DE10_LITE_Golden_Top.v Line: 52
    Warning (13040): bidirectional pin "DRAM_DQ[7]" has no driver File: E:/quartus-lite/Labs/FinalProj/DE10_LITE_Golden_Top.v Line: 52
    Warning (13040): bidirectional pin "DRAM_DQ[8]" has no driver File: E:/quartus-lite/Labs/FinalProj/DE10_LITE_Golden_Top.v Line: 52
    Warning (13040): bidirectional pin "DRAM_DQ[9]" has no driver File: E:/quartus-lite/Labs/FinalProj/DE10_LITE_Golden_Top.v Line: 52
    Warning (13040): bidirectional pin "DRAM_DQ[10]" has no driver File: E:/quartus-lite/Labs/FinalProj/DE10_LITE_Golden_Top.v Line: 52
    Warning (13040): bidirectional pin "DRAM_DQ[11]" has no driver File: E:/quartus-lite/Labs/FinalProj/DE10_LITE_Golden_Top.v Line: 52
    Warning (13040): bidirectional pin "DRAM_DQ[12]" has no driver File: E:/quartus-lite/Labs/FinalProj/DE10_LITE_Golden_Top.v Line: 52
    Warning (13040): bidirectional pin "DRAM_DQ[13]" has no driver File: E:/quartus-lite/Labs/FinalProj/DE10_LITE_Golden_Top.v Line: 52
    Warning (13040): bidirectional pin "DRAM_DQ[14]" has no driver File: E:/quartus-lite/Labs/FinalProj/DE10_LITE_Golden_Top.v Line: 52
    Warning (13040): bidirectional pin "DRAM_DQ[15]" has no driver File: E:/quartus-lite/Labs/FinalProj/DE10_LITE_Golden_Top.v Line: 52
    Warning (13040): bidirectional pin "GSENSOR_SDI" has no driver File: E:/quartus-lite/Labs/FinalProj/DE10_LITE_Golden_Top.v Line: 108
    Warning (13040): bidirectional pin "GSENSOR_SDO" has no driver File: E:/quartus-lite/Labs/FinalProj/DE10_LITE_Golden_Top.v Line: 109
    Warning (13040): bidirectional pin "ARDUINO_IO[0]" has no driver File: E:/quartus-lite/Labs/FinalProj/DE10_LITE_Golden_Top.v Line: 114
    Warning (13040): bidirectional pin "ARDUINO_IO[1]" has no driver File: E:/quartus-lite/Labs/FinalProj/DE10_LITE_Golden_Top.v Line: 114
    Warning (13040): bidirectional pin "ARDUINO_IO[2]" has no driver File: E:/quartus-lite/Labs/FinalProj/DE10_LITE_Golden_Top.v Line: 114
    Warning (13040): bidirectional pin "ARDUINO_IO[3]" has no driver File: E:/quartus-lite/Labs/FinalProj/DE10_LITE_Golden_Top.v Line: 114
    Warning (13040): bidirectional pin "ARDUINO_IO[4]" has no driver File: E:/quartus-lite/Labs/FinalProj/DE10_LITE_Golden_Top.v Line: 114
    Warning (13040): bidirectional pin "ARDUINO_IO[5]" has no driver File: E:/quartus-lite/Labs/FinalProj/DE10_LITE_Golden_Top.v Line: 114
    Warning (13040): bidirectional pin "ARDUINO_IO[6]" has no driver File: E:/quartus-lite/Labs/FinalProj/DE10_LITE_Golden_Top.v Line: 114
    Warning (13040): bidirectional pin "ARDUINO_IO[7]" has no driver File: E:/quartus-lite/Labs/FinalProj/DE10_LITE_Golden_Top.v Line: 114
    Warning (13040): bidirectional pin "ARDUINO_IO[8]" has no driver File: E:/quartus-lite/Labs/FinalProj/DE10_LITE_Golden_Top.v Line: 114
    Warning (13040): bidirectional pin "ARDUINO_IO[9]" has no driver File: E:/quartus-lite/Labs/FinalProj/DE10_LITE_Golden_Top.v Line: 114
    Warning (13040): bidirectional pin "ARDUINO_IO[10]" has no driver File: E:/quartus-lite/Labs/FinalProj/DE10_LITE_Golden_Top.v Line: 114
    Warning (13040): bidirectional pin "ARDUINO_IO[11]" has no driver File: E:/quartus-lite/Labs/FinalProj/DE10_LITE_Golden_Top.v Line: 114
    Warning (13040): bidirectional pin "ARDUINO_IO[12]" has no driver File: E:/quartus-lite/Labs/FinalProj/DE10_LITE_Golden_Top.v Line: 114
    Warning (13040): bidirectional pin "ARDUINO_IO[13]" has no driver File: E:/quartus-lite/Labs/FinalProj/DE10_LITE_Golden_Top.v Line: 114
    Warning (13040): bidirectional pin "ARDUINO_IO[14]" has no driver File: E:/quartus-lite/Labs/FinalProj/DE10_LITE_Golden_Top.v Line: 114
    Warning (13040): bidirectional pin "ARDUINO_IO[15]" has no driver File: E:/quartus-lite/Labs/FinalProj/DE10_LITE_Golden_Top.v Line: 114
    Warning (13040): bidirectional pin "ARDUINO_RESET_N" has no driver File: E:/quartus-lite/Labs/FinalProj/DE10_LITE_Golden_Top.v Line: 115
    Warning (13040): bidirectional pin "GPIO[0]" has no driver File: E:/quartus-lite/Labs/FinalProj/DE10_LITE_Golden_Top.v Line: 122
    Warning (13040): bidirectional pin "GPIO[1]" has no driver File: E:/quartus-lite/Labs/FinalProj/DE10_LITE_Golden_Top.v Line: 122
    Warning (13040): bidirectional pin "GPIO[2]" has no driver File: E:/quartus-lite/Labs/FinalProj/DE10_LITE_Golden_Top.v Line: 122
    Warning (13040): bidirectional pin "GPIO[3]" has no driver File: E:/quartus-lite/Labs/FinalProj/DE10_LITE_Golden_Top.v Line: 122
    Warning (13040): bidirectional pin "GPIO[4]" has no driver File: E:/quartus-lite/Labs/FinalProj/DE10_LITE_Golden_Top.v Line: 122
    Warning (13040): bidirectional pin "GPIO[5]" has no driver File: E:/quartus-lite/Labs/FinalProj/DE10_LITE_Golden_Top.v Line: 122
    Warning (13040): bidirectional pin "GPIO[6]" has no driver File: E:/quartus-lite/Labs/FinalProj/DE10_LITE_Golden_Top.v Line: 122
    Warning (13040): bidirectional pin "GPIO[7]" has no driver File: E:/quartus-lite/Labs/FinalProj/DE10_LITE_Golden_Top.v Line: 122
    Warning (13040): bidirectional pin "GPIO[8]" has no driver File: E:/quartus-lite/Labs/FinalProj/DE10_LITE_Golden_Top.v Line: 122
    Warning (13040): bidirectional pin "GPIO[9]" has no driver File: E:/quartus-lite/Labs/FinalProj/DE10_LITE_Golden_Top.v Line: 122
    Warning (13040): bidirectional pin "GPIO[10]" has no driver File: E:/quartus-lite/Labs/FinalProj/DE10_LITE_Golden_Top.v Line: 122
    Warning (13040): bidirectional pin "GPIO[11]" has no driver File: E:/quartus-lite/Labs/FinalProj/DE10_LITE_Golden_Top.v Line: 122
    Warning (13040): bidirectional pin "GPIO[12]" has no driver File: E:/quartus-lite/Labs/FinalProj/DE10_LITE_Golden_Top.v Line: 122
    Warning (13040): bidirectional pin "GPIO[13]" has no driver File: E:/quartus-lite/Labs/FinalProj/DE10_LITE_Golden_Top.v Line: 122
    Warning (13040): bidirectional pin "GPIO[14]" has no driver File: E:/quartus-lite/Labs/FinalProj/DE10_LITE_Golden_Top.v Line: 122
    Warning (13040): bidirectional pin "GPIO[15]" has no driver File: E:/quartus-lite/Labs/FinalProj/DE10_LITE_Golden_Top.v Line: 122
    Warning (13040): bidirectional pin "GPIO[16]" has no driver File: E:/quartus-lite/Labs/FinalProj/DE10_LITE_Golden_Top.v Line: 122
    Warning (13040): bidirectional pin "GPIO[17]" has no driver File: E:/quartus-lite/Labs/FinalProj/DE10_LITE_Golden_Top.v Line: 122
    Warning (13040): bidirectional pin "GPIO[18]" has no driver File: E:/quartus-lite/Labs/FinalProj/DE10_LITE_Golden_Top.v Line: 122
    Warning (13040): bidirectional pin "GPIO[19]" has no driver File: E:/quartus-lite/Labs/FinalProj/DE10_LITE_Golden_Top.v Line: 122
    Warning (13040): bidirectional pin "GPIO[20]" has no driver File: E:/quartus-lite/Labs/FinalProj/DE10_LITE_Golden_Top.v Line: 122
    Warning (13040): bidirectional pin "GPIO[21]" has no driver File: E:/quartus-lite/Labs/FinalProj/DE10_LITE_Golden_Top.v Line: 122
    Warning (13040): bidirectional pin "GPIO[22]" has no driver File: E:/quartus-lite/Labs/FinalProj/DE10_LITE_Golden_Top.v Line: 122
    Warning (13040): bidirectional pin "GPIO[23]" has no driver File: E:/quartus-lite/Labs/FinalProj/DE10_LITE_Golden_Top.v Line: 122
    Warning (13040): bidirectional pin "GPIO[24]" has no driver File: E:/quartus-lite/Labs/FinalProj/DE10_LITE_Golden_Top.v Line: 122
    Warning (13040): bidirectional pin "GPIO[25]" has no driver File: E:/quartus-lite/Labs/FinalProj/DE10_LITE_Golden_Top.v Line: 122
    Warning (13040): bidirectional pin "GPIO[26]" has no driver File: E:/quartus-lite/Labs/FinalProj/DE10_LITE_Golden_Top.v Line: 122
    Warning (13040): bidirectional pin "GPIO[27]" has no driver File: E:/quartus-lite/Labs/FinalProj/DE10_LITE_Golden_Top.v Line: 122
    Warning (13040): bidirectional pin "GPIO[28]" has no driver File: E:/quartus-lite/Labs/FinalProj/DE10_LITE_Golden_Top.v Line: 122
    Warning (13040): bidirectional pin "GPIO[29]" has no driver File: E:/quartus-lite/Labs/FinalProj/DE10_LITE_Golden_Top.v Line: 122
    Warning (13040): bidirectional pin "GPIO[30]" has no driver File: E:/quartus-lite/Labs/FinalProj/DE10_LITE_Golden_Top.v Line: 122
    Warning (13040): bidirectional pin "GPIO[31]" has no driver File: E:/quartus-lite/Labs/FinalProj/DE10_LITE_Golden_Top.v Line: 122
    Warning (13040): bidirectional pin "GPIO[32]" has no driver File: E:/quartus-lite/Labs/FinalProj/DE10_LITE_Golden_Top.v Line: 122
    Warning (13040): bidirectional pin "GPIO[33]" has no driver File: E:/quartus-lite/Labs/FinalProj/DE10_LITE_Golden_Top.v Line: 122
    Warning (13040): bidirectional pin "GPIO[34]" has no driver File: E:/quartus-lite/Labs/FinalProj/DE10_LITE_Golden_Top.v Line: 122
    Warning (13040): bidirectional pin "GPIO[35]" has no driver File: E:/quartus-lite/Labs/FinalProj/DE10_LITE_Golden_Top.v Line: 122
Warning (13024): Output pins are stuck at VCC or GND
    Warning (13410): Pin "DRAM_ADDR[0]" is stuck at GND File: E:/quartus-lite/Labs/FinalProj/DE10_LITE_Golden_Top.v Line: 46
    Warning (13410): Pin "DRAM_ADDR[1]" is stuck at GND File: E:/quartus-lite/Labs/FinalProj/DE10_LITE_Golden_Top.v Line: 46
    Warning (13410): Pin "DRAM_ADDR[2]" is stuck at GND File: E:/quartus-lite/Labs/FinalProj/DE10_LITE_Golden_Top.v Line: 46
    Warning (13410): Pin "DRAM_ADDR[3]" is stuck at GND File: E:/quartus-lite/Labs/FinalProj/DE10_LITE_Golden_Top.v Line: 46
    Warning (13410): Pin "DRAM_ADDR[4]" is stuck at GND File: E:/quartus-lite/Labs/FinalProj/DE10_LITE_Golden_Top.v Line: 46
    Warning (13410): Pin "DRAM_ADDR[5]" is stuck at GND File: E:/quartus-lite/Labs/FinalProj/DE10_LITE_Golden_Top.v Line: 46
    Warning (13410): Pin "DRAM_ADDR[6]" is stuck at GND File: E:/quartus-lite/Labs/FinalProj/DE10_LITE_Golden_Top.v Line: 46
    Warning (13410): Pin "DRAM_ADDR[7]" is stuck at GND File: E:/quartus-lite/Labs/FinalProj/DE10_LITE_Golden_Top.v Line: 46
    Warning (13410): Pin "DRAM_ADDR[8]" is stuck at GND File: E:/quartus-lite/Labs/FinalProj/DE10_LITE_Golden_Top.v Line: 46
    Warning (13410): Pin "DRAM_ADDR[9]" is stuck at GND File: E:/quartus-lite/Labs/FinalProj/DE10_LITE_Golden_Top.v Line: 46
    Warning (13410): Pin "DRAM_ADDR[10]" is stuck at GND File: E:/quartus-lite/Labs/FinalProj/DE10_LITE_Golden_Top.v Line: 46
    Warning (13410): Pin "DRAM_ADDR[11]" is stuck at GND File: E:/quartus-lite/Labs/FinalProj/DE10_LITE_Golden_Top.v Line: 46
    Warning (13410): Pin "DRAM_ADDR[12]" is stuck at GND File: E:/quartus-lite/Labs/FinalProj/DE10_LITE_Golden_Top.v Line: 46
    Warning (13410): Pin "DRAM_BA[0]" is stuck at GND File: E:/quartus-lite/Labs/FinalProj/DE10_LITE_Golden_Top.v Line: 47
    Warning (13410): Pin "DRAM_BA[1]" is stuck at GND File: E:/quartus-lite/Labs/FinalProj/DE10_LITE_Golden_Top.v Line: 47
    Warning (13410): Pin "DRAM_CAS_N" is stuck at GND File: E:/quartus-lite/Labs/FinalProj/DE10_LITE_Golden_Top.v Line: 48
    Warning (13410): Pin "DRAM_CKE" is stuck at GND File: E:/quartus-lite/Labs/FinalProj/DE10_LITE_Golden_Top.v Line: 49
    Warning (13410): Pin "DRAM_CLK" is stuck at GND File: E:/quartus-lite/Labs/FinalProj/DE10_LITE_Golden_Top.v Line: 50
    Warning (13410): Pin "DRAM_CS_N" is stuck at GND File: E:/quartus-lite/Labs/FinalProj/DE10_LITE_Golden_Top.v Line: 51
    Warning (13410): Pin "DRAM_LDQM" is stuck at GND File: E:/quartus-lite/Labs/FinalProj/DE10_LITE_Golden_Top.v Line: 53
    Warning (13410): Pin "DRAM_RAS_N" is stuck at GND File: E:/quartus-lite/Labs/FinalProj/DE10_LITE_Golden_Top.v Line: 54
    Warning (13410): Pin "DRAM_UDQM" is stuck at GND File: E:/quartus-lite/Labs/FinalProj/DE10_LITE_Golden_Top.v Line: 55
    Warning (13410): Pin "DRAM_WE_N" is stuck at GND File: E:/quartus-lite/Labs/FinalProj/DE10_LITE_Golden_Top.v Line: 56
    Warning (13410): Pin "HEX0[7]" is stuck at VCC File: E:/quartus-lite/Labs/FinalProj/DE10_LITE_Golden_Top.v Line: 61
    Warning (13410): Pin "HEX1[0]" is stuck at GND File: E:/quartus-lite/Labs/FinalProj/DE10_LITE_Golden_Top.v Line: 64
    Warning (13410): Pin "HEX1[1]" is stuck at GND File: E:/quartus-lite/Labs/FinalProj/DE10_LITE_Golden_Top.v Line: 64
    Warning (13410): Pin "HEX1[2]" is stuck at GND File: E:/quartus-lite/Labs/FinalProj/DE10_LITE_Golden_Top.v Line: 64
    Warning (13410): Pin "HEX1[3]" is stuck at GND File: E:/quartus-lite/Labs/FinalProj/DE10_LITE_Golden_Top.v Line: 64
    Warning (13410): Pin "HEX1[4]" is stuck at GND File: E:/quartus-lite/Labs/FinalProj/DE10_LITE_Golden_Top.v Line: 64
    Warning (13410): Pin "HEX1[5]" is stuck at GND File: E:/quartus-lite/Labs/FinalProj/DE10_LITE_Golden_Top.v Line: 64
    Warning (13410): Pin "HEX1[6]" is stuck at GND File: E:/quartus-lite/Labs/FinalProj/DE10_LITE_Golden_Top.v Line: 64
    Warning (13410): Pin "HEX1[7]" is stuck at GND File: E:/quartus-lite/Labs/FinalProj/DE10_LITE_Golden_Top.v Line: 64
    Warning (13410): Pin "HEX2[0]" is stuck at GND File: E:/quartus-lite/Labs/FinalProj/DE10_LITE_Golden_Top.v Line: 67
    Warning (13410): Pin "HEX2[1]" is stuck at GND File: E:/quartus-lite/Labs/FinalProj/DE10_LITE_Golden_Top.v Line: 67
    Warning (13410): Pin "HEX2[2]" is stuck at GND File: E:/quartus-lite/Labs/FinalProj/DE10_LITE_Golden_Top.v Line: 67
    Warning (13410): Pin "HEX2[3]" is stuck at GND File: E:/quartus-lite/Labs/FinalProj/DE10_LITE_Golden_Top.v Line: 67
    Warning (13410): Pin "HEX2[4]" is stuck at GND File: E:/quartus-lite/Labs/FinalProj/DE10_LITE_Golden_Top.v Line: 67
    Warning (13410): Pin "HEX2[5]" is stuck at GND File: E:/quartus-lite/Labs/FinalProj/DE10_LITE_Golden_Top.v Line: 67
    Warning (13410): Pin "HEX2[6]" is stuck at GND File: E:/quartus-lite/Labs/FinalProj/DE10_LITE_Golden_Top.v Line: 67
    Warning (13410): Pin "HEX2[7]" is stuck at GND File: E:/quartus-lite/Labs/FinalProj/DE10_LITE_Golden_Top.v Line: 67
    Warning (13410): Pin "HEX3[0]" is stuck at GND File: E:/quartus-lite/Labs/FinalProj/DE10_LITE_Golden_Top.v Line: 70
    Warning (13410): Pin "HEX3[1]" is stuck at GND File: E:/quartus-lite/Labs/FinalProj/DE10_LITE_Golden_Top.v Line: 70
    Warning (13410): Pin "HEX3[2]" is stuck at GND File: E:/quartus-lite/Labs/FinalProj/DE10_LITE_Golden_Top.v Line: 70
    Warning (13410): Pin "HEX3[3]" is stuck at GND File: E:/quartus-lite/Labs/FinalProj/DE10_LITE_Golden_Top.v Line: 70
    Warning (13410): Pin "HEX3[4]" is stuck at GND File: E:/quartus-lite/Labs/FinalProj/DE10_LITE_Golden_Top.v Line: 70
    Warning (13410): Pin "HEX3[5]" is stuck at GND File: E:/quartus-lite/Labs/FinalProj/DE10_LITE_Golden_Top.v Line: 70
    Warning (13410): Pin "HEX3[6]" is stuck at GND File: E:/quartus-lite/Labs/FinalProj/DE10_LITE_Golden_Top.v Line: 70
    Warning (13410): Pin "HEX3[7]" is stuck at GND File: E:/quartus-lite/Labs/FinalProj/DE10_LITE_Golden_Top.v Line: 70
    Warning (13410): Pin "HEX4[0]" is stuck at GND File: E:/quartus-lite/Labs/FinalProj/DE10_LITE_Golden_Top.v Line: 73
    Warning (13410): Pin "HEX4[1]" is stuck at GND File: E:/quartus-lite/Labs/FinalProj/DE10_LITE_Golden_Top.v Line: 73
    Warning (13410): Pin "HEX4[2]" is stuck at GND File: E:/quartus-lite/Labs/FinalProj/DE10_LITE_Golden_Top.v Line: 73
    Warning (13410): Pin "HEX4[3]" is stuck at GND File: E:/quartus-lite/Labs/FinalProj/DE10_LITE_Golden_Top.v Line: 73
    Warning (13410): Pin "HEX4[4]" is stuck at GND File: E:/quartus-lite/Labs/FinalProj/DE10_LITE_Golden_Top.v Line: 73
    Warning (13410): Pin "HEX4[5]" is stuck at GND File: E:/quartus-lite/Labs/FinalProj/DE10_LITE_Golden_Top.v Line: 73
    Warning (13410): Pin "HEX4[6]" is stuck at GND File: E:/quartus-lite/Labs/FinalProj/DE10_LITE_Golden_Top.v Line: 73
    Warning (13410): Pin "HEX4[7]" is stuck at GND File: E:/quartus-lite/Labs/FinalProj/DE10_LITE_Golden_Top.v Line: 73
    Warning (13410): Pin "HEX5[0]" is stuck at GND File: E:/quartus-lite/Labs/FinalProj/DE10_LITE_Golden_Top.v Line: 76
    Warning (13410): Pin "HEX5[1]" is stuck at GND File: E:/quartus-lite/Labs/FinalProj/DE10_LITE_Golden_Top.v Line: 76
    Warning (13410): Pin "HEX5[2]" is stuck at GND File: E:/quartus-lite/Labs/FinalProj/DE10_LITE_Golden_Top.v Line: 76
    Warning (13410): Pin "HEX5[3]" is stuck at GND File: E:/quartus-lite/Labs/FinalProj/DE10_LITE_Golden_Top.v Line: 76
    Warning (13410): Pin "HEX5[4]" is stuck at GND File: E:/quartus-lite/Labs/FinalProj/DE10_LITE_Golden_Top.v Line: 76
    Warning (13410): Pin "HEX5[5]" is stuck at GND File: E:/quartus-lite/Labs/FinalProj/DE10_LITE_Golden_Top.v Line: 76
    Warning (13410): Pin "HEX5[6]" is stuck at GND File: E:/quartus-lite/Labs/FinalProj/DE10_LITE_Golden_Top.v Line: 76
    Warning (13410): Pin "HEX5[7]" is stuck at GND File: E:/quartus-lite/Labs/FinalProj/DE10_LITE_Golden_Top.v Line: 76
    Warning (13410): Pin "LEDR[1]" is stuck at GND File: E:/quartus-lite/Labs/FinalProj/DE10_LITE_Golden_Top.v Line: 86
    Warning (13410): Pin "LEDR[2]" is stuck at GND File: E:/quartus-lite/Labs/FinalProj/DE10_LITE_Golden_Top.v Line: 86
    Warning (13410): Pin "LEDR[3]" is stuck at GND File: E:/quartus-lite/Labs/FinalProj/DE10_LITE_Golden_Top.v Line: 86
    Warning (13410): Pin "LEDR[4]" is stuck at GND File: E:/quartus-lite/Labs/FinalProj/DE10_LITE_Golden_Top.v Line: 86
    Warning (13410): Pin "LEDR[5]" is stuck at GND File: E:/quartus-lite/Labs/FinalProj/DE10_LITE_Golden_Top.v Line: 86
    Warning (13410): Pin "LEDR[6]" is stuck at GND File: E:/quartus-lite/Labs/FinalProj/DE10_LITE_Golden_Top.v Line: 86
    Warning (13410): Pin "LEDR[7]" is stuck at GND File: E:/quartus-lite/Labs/FinalProj/DE10_LITE_Golden_Top.v Line: 86
    Warning (13410): Pin "LEDR[8]" is stuck at GND File: E:/quartus-lite/Labs/FinalProj/DE10_LITE_Golden_Top.v Line: 86
    Warning (13410): Pin "LEDR[9]" is stuck at GND File: E:/quartus-lite/Labs/FinalProj/DE10_LITE_Golden_Top.v Line: 86
    Warning (13410): Pin "VGA_B[0]" is stuck at GND File: E:/quartus-lite/Labs/FinalProj/DE10_LITE_Golden_Top.v Line: 96
    Warning (13410): Pin "VGA_B[1]" is stuck at GND File: E:/quartus-lite/Labs/FinalProj/DE10_LITE_Golden_Top.v Line: 96
    Warning (13410): Pin "VGA_B[2]" is stuck at GND File: E:/quartus-lite/Labs/FinalProj/DE10_LITE_Golden_Top.v Line: 96
    Warning (13410): Pin "VGA_B[3]" is stuck at GND File: E:/quartus-lite/Labs/FinalProj/DE10_LITE_Golden_Top.v Line: 96
    Warning (13410): Pin "VGA_G[0]" is stuck at GND File: E:/quartus-lite/Labs/FinalProj/DE10_LITE_Golden_Top.v Line: 97
    Warning (13410): Pin "VGA_G[1]" is stuck at GND File: E:/quartus-lite/Labs/FinalProj/DE10_LITE_Golden_Top.v Line: 97
    Warning (13410): Pin "VGA_G[2]" is stuck at GND File: E:/quartus-lite/Labs/FinalProj/DE10_LITE_Golden_Top.v Line: 97
    Warning (13410): Pin "VGA_G[3]" is stuck at GND File: E:/quartus-lite/Labs/FinalProj/DE10_LITE_Golden_Top.v Line: 97
    Warning (13410): Pin "VGA_HS" is stuck at GND File: E:/quartus-lite/Labs/FinalProj/DE10_LITE_Golden_Top.v Line: 98
    Warning (13410): Pin "VGA_R[0]" is stuck at GND File: E:/quartus-lite/Labs/FinalProj/DE10_LITE_Golden_Top.v Line: 99
    Warning (13410): Pin "VGA_R[1]" is stuck at GND File: E:/quartus-lite/Labs/FinalProj/DE10_LITE_Golden_Top.v Line: 99
    Warning (13410): Pin "VGA_R[2]" is stuck at GND File: E:/quartus-lite/Labs/FinalProj/DE10_LITE_Golden_Top.v Line: 99
    Warning (13410): Pin "VGA_R[3]" is stuck at GND File: E:/quartus-lite/Labs/FinalProj/DE10_LITE_Golden_Top.v Line: 99
    Warning (13410): Pin "VGA_VS" is stuck at GND File: E:/quartus-lite/Labs/FinalProj/DE10_LITE_Golden_Top.v Line: 100
    Warning (13410): Pin "GSENSOR_CS_N" is stuck at GND File: E:/quartus-lite/Labs/FinalProj/DE10_LITE_Golden_Top.v Line: 105
    Warning (13410): Pin "GSENSOR_SCLK" is stuck at GND File: E:/quartus-lite/Labs/FinalProj/DE10_LITE_Golden_Top.v Line: 107
Info (286030): Timing-Driven Synthesis is running
Info (144001): Generated suppressed messages file E:/quartus-lite/Labs/FinalProj/output_files/FinalProject.map.smsg
Info (16010): Generating hard_block partition "hard_block:auto_generated_inst"
    Info (16011): Adding 0 node(s), including 0 DDIO, 0 PLL, 0 transceiver and 0 LCELL
Warning (21074): Design contains 12 input pin(s) that do not drive logic
    Warning (15610): No output dependent on input pin "ADC_CLK_10" File: E:/quartus-lite/Labs/FinalProj/DE10_LITE_Golden_Top.v Line: 33
    Warning (15610): No output dependent on input pin "MAX10_CLK2_50" File: E:/quartus-lite/Labs/FinalProj/DE10_LITE_Golden_Top.v Line: 41
    Warning (15610): No output dependent on input pin "SW[1]" File: E:/quartus-lite/Labs/FinalProj/DE10_LITE_Golden_Top.v Line: 91
    Warning (15610): No output dependent on input pin "SW[2]" File: E:/quartus-lite/Labs/FinalProj/DE10_LITE_Golden_Top.v Line: 91
    Warning (15610): No output dependent on input pin "SW[3]" File: E:/quartus-lite/Labs/FinalProj/DE10_LITE_Golden_Top.v Line: 91
    Warning (15610): No output dependent on input pin "SW[4]" File: E:/quartus-lite/Labs/FinalProj/DE10_LITE_Golden_Top.v Line: 91
    Warning (15610): No output dependent on input pin "SW[5]" File: E:/quartus-lite/Labs/FinalProj/DE10_LITE_Golden_Top.v Line: 91
    Warning (15610): No output dependent on input pin "SW[6]" File: E:/quartus-lite/Labs/FinalProj/DE10_LITE_Golden_Top.v Line: 91
    Warning (15610): No output dependent on input pin "SW[7]" File: E:/quartus-lite/Labs/FinalProj/DE10_LITE_Golden_Top.v Line: 91
    Warning (15610): No output dependent on input pin "SW[8]" File: E:/quartus-lite/Labs/FinalProj/DE10_LITE_Golden_Top.v Line: 91
    Warning (15610): No output dependent on input pin "GSENSOR_INT[1]" File: E:/quartus-lite/Labs/FinalProj/DE10_LITE_Golden_Top.v Line: 106
    Warning (15610): No output dependent on input pin "GSENSOR_INT[2]" File: E:/quartus-lite/Labs/FinalProj/DE10_LITE_Golden_Top.v Line: 106
Info (21057): Implemented 407 device resources after synthesis - the final resource count might be different
    Info (21058): Implemented 17 input pins
    Info (21059): Implemented 97 output pins
    Info (21060): Implemented 71 bidirectional pins
    Info (21061): Implemented 222 logic cells
Info: Quartus Prime Analysis & Synthesis was successful. 0 errors, 227 warnings
    Info: Peak virtual memory: 4826 megabytes
    Info: Processing ended: Wed Nov 29 20:26:45 2023
    Info: Elapsed time: 00:00:09
    Info: Total CPU time (on all processors): 00:00:13


+------------------------------------------+
; Analysis & Synthesis Suppressed Messages ;
+------------------------------------------+
The suppressed messages can be found in E:/quartus-lite/Labs/FinalProj/output_files/FinalProject.map.smsg.


